[0m22:25:17.514313 [debug] [MainThread]: Sending event: {'category': 'dbt', 'action': 'invocation', 'label': 'start', 'context': [<snowplow_tracker.self_describing_json.SelfDescribingJson object at 0x00000282C5CBD550>, <snowplow_tracker.self_describing_json.SelfDescribingJson object at 0x00000282C7073ED0>, <snowplow_tracker.self_describing_json.SelfDescribingJson object at 0x00000282C7073B10>]}


============================== 22:25:17.530051 | 72afc58d-5ec8-4a1c-acf2-643deb5b0351 ==============================
[0m22:25:17.530051 [info ] [MainThread]: Running with dbt=1.11.6
[0m22:25:17.530984 [debug] [MainThread]: running dbt with arguments {'version_check': 'True', 'no_print': 'None', 'static_parser': 'True', 'target_path': 'None', 'warn_error_options': 'WarnErrorOptionsV2(error=[], warn=[], silence=[])', 'printer_width': '80', 'write_json': 'True', 'introspect': 'True', 'log_cache_events': 'False', 'empty': 'None', 'cache_selected_only': 'False', 'log_format': 'default', 'debug': 'False', 'fail_fast': 'False', 'partial_parse': 'True', 'send_anonymous_usage_stats': 'True', 'quiet': 'False', 'warn_error': 'None', 'profiles_dir': 'C:\\Users\\USER\\.dbt', 'indirect_selection': 'eager', 'invocation_command': 'dbt init portfolio_risk_engine', 'use_colors': 'True', 'use_experimental_parser': 'False', 'log_path': 'logs'}
[0m22:25:17.571600 [info ] [MainThread]: Creating dbt configuration folder at C:\Users\USER\.dbt
[0m22:25:17.574247 [debug] [MainThread]: Starter project path: c:\Users\USER\Desktop\VS Code\portfolio-risk-engine\.venv\Lib\site-packages\dbt\include\starter_project
[0m22:25:17.593488 [info ] [MainThread]: 
Your new dbt project "portfolio_risk_engine" was created!

For more information on how to configure the profiles.yml file,
please consult the dbt documentation here:

  https://docs.getdbt.com/docs/configure-your-profile

One more thing:

Need help? Don't hesitate to reach out to us via GitHub issues or on Slack:

  https://community.getdbt.com/

Happy modeling!

[0m22:25:17.594372 [info ] [MainThread]: Setting up your profile.
[0m22:36:24.716212 [info ] [MainThread]: Profile portfolio_risk_engine written to C:\Users\USER\.dbt\profiles.yml using target's profile_template.yml and your supplied values. Run 'dbt debug' to validate the connection.
[0m22:36:24.719790 [debug] [MainThread]: Command `dbt init` succeeded at 22:36:24.719399 after 667.38 seconds
[0m22:36:24.720953 [debug] [MainThread]: Sending event: {'category': 'dbt', 'action': 'invocation', 'label': 'end', 'context': [<snowplow_tracker.self_describing_json.SelfDescribingJson object at 0x00000282E62142B0>, <snowplow_tracker.self_describing_json.SelfDescribingJson object at 0x00000282E62184D0>, <snowplow_tracker.self_describing_json.SelfDescribingJson object at 0x00000282E61ECC00>]}
[0m22:36:24.722071 [debug] [MainThread]: Flushing usage events
[0m22:36:24.988656 [debug] [MainThread]: An error was encountered while trying to flush usage events
[0m01:18:15.945885 [debug] [MainThread]: Sending event: {'category': 'dbt', 'action': 'invocation', 'label': 'start', 'context': [<snowplow_tracker.self_describing_json.SelfDescribingJson object at 0x000001B503FA9010>, <snowplow_tracker.self_describing_json.SelfDescribingJson object at 0x000001B505323ED0>, <snowplow_tracker.self_describing_json.SelfDescribingJson object at 0x000001B505323B10>]}


============================== 01:18:15.953888 | 8ea90632-cc0f-4b14-915b-5e7a63e2eb98 ==============================
[0m01:18:15.953888 [info ] [MainThread]: Running with dbt=1.11.6
[0m01:18:15.954720 [debug] [MainThread]: running dbt with arguments {'version_check': 'True', 'no_print': 'None', 'static_parser': 'True', 'target_path': 'None', 'warn_error_options': 'WarnErrorOptionsV2(error=[], warn=[], silence=[])', 'printer_width': '80', 'write_json': 'True', 'introspect': 'True', 'log_cache_events': 'False', 'empty': 'False', 'cache_selected_only': 'False', 'fail_fast': 'False', 'debug': 'False', 'log_format': 'default', 'partial_parse': 'True', 'send_anonymous_usage_stats': 'True', 'quiet': 'False', 'warn_error': 'None', 'profiles_dir': 'C:\\Users\\USER\\.dbt', 'indirect_selection': 'eager', 'invocation_command': 'dbt run', 'use_colors': 'True', 'use_experimental_parser': 'False', 'log_path': 'logs'}
[0m01:18:15.955323 [error] [MainThread]: Encountered an error:
Runtime Error
  No dbt_project.yml found at expected path C:\Users\USER\Desktop\VS Code\portfolio-risk-engine\dbt_project.yml
  Verify that each entry within packages.yml (and their transitive dependencies) contains a file named dbt_project.yml
  
[0m01:18:15.956395 [debug] [MainThread]: Command `dbt run` failed at 01:18:15.956257 after 0.18 seconds
[0m01:18:15.956812 [debug] [MainThread]: Sending event: {'category': 'dbt', 'action': 'invocation', 'label': 'end', 'context': [<snowplow_tracker.self_describing_json.SelfDescribingJson object at 0x000001B505312650>, <snowplow_tracker.self_describing_json.SelfDescribingJson object at 0x000001B5052029F0>, <snowplow_tracker.self_describing_json.SelfDescribingJson object at 0x000001B50514F9B0>]}
[0m01:18:15.957246 [debug] [MainThread]: Flushing usage events
[0m01:18:17.452420 [debug] [MainThread]: An error was encountered while trying to flush usage events
